<?xml version="1.0" encoding="UTF-8"?>
<!-- Generated by org.testng.reporters.JUnitXMLReporter -->
<testsuite ignored="0" hostname="LAPTOP-4EEPAOT0" failures="0" tests="3" name="Command line test" time="0.104" errors="0" timestamp="2022-11-26T23:11:32 EST">
  <testcase classname="Package1.Test2" name="testData" time="0.004"/>
  <testcase classname="Package1.Test2" name="testData" time="0.001"/>
  <testcase classname="Package1.Test2" name="testData" time="0.0"/>
</testsuite> <!-- Command line test -->
